[debug] [2025-08-30T11:16:42.153Z] [Firebase Plugin] Activating Firebase extension.
[debug] [2025-08-30T11:17:00.850Z] [Firebase Plugin] requireAuthWrapper
[debug] [2025-08-30T11:17:00.856Z] > command requires scopes: ["email","openid","https://www.googleapis.com/auth/cloudplatformprojects.readonly","https://www.googleapis.com/auth/firebase","https://www.googleapis.com/auth/cloud-platform","https://www.googleapis.com/auth/userinfo.email"]
[debug] [2025-08-30T11:17:00.857Z] > authorizing via signed-in user (rahmi.aksu.47@gmail.com)
[debug] [2025-08-30T11:17:00.866Z] No OAuth tokens found
[debug] [2025-08-30T11:17:00.867Z] No OAuth tokens found
[debug] [2025-08-30T11:17:00.872Z] > command requires scopes: ["email","openid","https://www.googleapis.com/auth/cloudplatformprojects.readonly","https://www.googleapis.com/auth/firebase","https://www.googleapis.com/auth/cloud-platform","https://www.googleapis.com/auth/userinfo.email"]
[debug] [2025-08-30T11:17:00.878Z] > authorizing via signed-in user (rahmi.aksu.47@gmail.com)
[debug] [2025-08-30T11:17:00.878Z] [Firebase Plugin] User found:  rahmi.aksu.47@gmail.com
[info] [Firebase Plugin] (Core:Project) New user detected, fetching projects
[debug] [2025-08-30T11:17:00.890Z] No OAuth tokens found
[debug] [2025-08-30T11:17:00.903Z] >>> [apiv2][query] GET https://firebase.googleapis.com/v1beta1/projects pageSize=1000
[debug] [2025-08-30T11:17:01.108Z] [Firebase Plugin] VSCode notification server listening on port 40002
[debug] [2025-08-30T11:17:02.086Z] <<< [apiv2][status] GET https://firebase.googleapis.com/v1beta1/projects 200
[debug] [2025-08-30T11:17:02.089Z] <<< [apiv2][body] GET https://firebase.googleapis.com/v1beta1/projects [omitted]
[info] [Firebase Plugin] Starting Data Connect toolkit (version 2.11.2) on port 50002
[debug] [2025-08-30T11:17:03.578Z] I0830 11:17:03.518514   24044 control.go:94] [/emulator/studio 986f] UpdateResources(): done
Schema: sources: schema/schema.gql [1992B] 
Connector "example": sources: example/mutations.gql [1243B] example/queries.gql [1801B] 
 {"metadata":{"emulator":{"name":"dataconnect"},"message":"I0830 11:17:03.518514   24044 control.go:94] [/emulator/studio 986f] UpdateResources(): done\nSchema: sources: schema/schema.gql [1992B] \nConnector \"example\": sources: example/mutations.gql [1243B] example/queries.gql [1801B] \n"}}
[debug] [2025-08-30T11:17:03.579Z] Ignoring unsupported arg: auto_download {"metadata":{"emulator":{"name":"dataconnect"},"message":"Ignoring unsupported arg: auto_download"}}
[debug] [2025-08-30T11:17:03.580Z] Ignoring unsupported arg: port {"metadata":{"emulator":{"name":"dataconnect"},"message":"Ignoring unsupported arg: port"}}
[debug] [2025-08-30T11:17:03.581Z] Starting Data Connect Emulator with command {"binary":"/home/user/.cache/firebase/emulators/dataconnect-emulator-2.11.2","args":["--logtostderr","-v=2","dev","--listen=localhost:50002","--config_dir=/home/user/studio/dataconnect","--enable_output_schema_extensions=true","--enable_output_generated_sdk=true"],"optionalArgs":["listen","config_dir","enable_output_schema_extensions","enable_output_generated_sdk"],"joinArgs":true,"shell":false,"port":9399} {"metadata":{"emulator":{"name":"dataconnect"},"message":"Starting Data Connect Emulator with command {\"binary\":\"/home/user/.cache/firebase/emulators/dataconnect-emulator-2.11.2\",\"args\":[\"--logtostderr\",\"-v=2\",\"dev\",\"--listen=localhost:50002\",\"--config_dir=/home/user/studio/dataconnect\",\"--enable_output_schema_extensions=true\",\"--enable_output_generated_sdk=true\"],\"optionalArgs\":[\"listen\",\"config_dir\",\"enable_output_schema_extensions\",\"enable_output_generated_sdk\"],\"joinArgs\":true,\"shell\":false,\"port\":9399}"}}
[info] i  dataconnect: Data Connect Emulator logging to dataconnect-debug.log {"metadata":{"emulator":{"name":"dataconnect"},"message":"Data Connect Emulator logging to dataconnect-debug.log"}}
[debug] [2025-08-30T11:17:03.741Z] I0830 11:17:03.711302   24049 load.go:31] Reloading schema and connectors...
 {"metadata":{"emulator":{"name":"dataconnect"},"message":"I0830 11:17:03.711302   24049 load.go:31] Reloading schema and connectors...\n"}}
[debug] [2025-08-30T11:17:04.086Z] I0830 11:17:03.933594   24049 control.go:94] [/emulator/studio 2ecb] UpdateResources(): done
Schema: sources: schema/schema.gql [1992B] 
Connector "example": sources: example/mutations.gql [1243B] example/queries.gql [1801B] 
 {"metadata":{"emulator":{"name":"dataconnect"},"message":"I0830 11:17:03.933594   24049 control.go:94] [/emulator/studio 2ecb] UpdateResources(): done\nSchema: sources: schema/schema.gql [1992B] \nConnector \"example\": sources: example/mutations.gql [1243B] example/queries.gql [1801B] \n"}}
[debug] [2025-08-30T11:17:04.140Z] I0830 11:17:04.118776   24049 codegen.go:82] [connector "example" javascriptSdk] Generating sources into "/home/user/studio/src/dataconnect-generated"
 {"metadata":{"emulator":{"name":"dataconnect"},"message":"I0830 11:17:04.118776   24049 codegen.go:82] [connector \"example\" javascriptSdk] Generating sources into \"/home/user/studio/src/dataconnect-generated\"\n"}}
[debug] [2025-08-30T11:17:04.279Z] I0830 11:17:04.259501   24049 collector.go:107] schema extensions wrote into "/home/user/studio/dataconnect/.dataconnect/schema"
Generated sources: prelude.gql [73251B] main/implicit.gql [1261B] main/input.gql [28173B] main/relation.gql [13742B] main/query.gql [5099B] main/mutation.gql [13679B] 
I0830 11:17:04.279543   24049 collector.go:107] connector "example" javascriptSdk wrote into "/home/user/studio/src/dataconnect-generated"
Generated sources: package.json [852B] react/package.json [460B] react/esm/package.json [17B] esm/index.esm.js [3556B] README.md [40931B] react/index.d.ts [3961B] react/index.cjs.js [3439B] react/esm/index.esm.js [3269B] react/README.md [48299B] index.d.ts [8025B] esm/package.json [17B] index.cjs.js [4046B] 
 {"metadata":{"emulator":{"name":"dataconnect"},"message":"I0830 11:17:04.259501   24049 collector.go:107] schema extensions wrote into \"/home/user/studio/dataconnect/.dataconnect/schema\"\nGenerated sources: prelude.gql [73251B] main/implicit.gql [1261B] main/input.gql [28173B] main/relation.gql [13742B] main/query.gql [5099B] main/mutation.gql [13679B] \nI0830 11:17:04.279543   24049 collector.go:107] connector \"example\" javascriptSdk wrote into \"/home/user/studio/src/dataconnect-generated\"\nGenerated sources: package.json [852B] react/package.json [460B] react/esm/package.json [17B] esm/index.esm.js [3556B] README.md [40931B] react/index.d.ts [3961B] react/index.cjs.js [3439B] react/esm/index.esm.js [3269B] react/README.md [48299B] index.d.ts [8025B] esm/package.json [17B] index.cjs.js [4046B] \n"}}
[debug] [2025-08-30T11:17:04.416Z] I0830 11:17:04.305761   24049 installsdk.go:55] Package @dataconnect/generated is already installed. Skipping installation
I0830 11:17:04.305819   24049 load.go:109] Finished reloading
I0830 11:17:04.352227   24049 dev.go:102] Listening on address (HTTP + gRPC): 127.0.0.1:50002
 {"metadata":{"emulator":{"name":"dataconnect"},"message":"I0830 11:17:04.305761   24049 installsdk.go:55] Package @dataconnect/generated is already installed. Skipping installation\nI0830 11:17:04.305819   24049 load.go:109] Finished reloading\nI0830 11:17:04.352227   24049 dev.go:102] Listening on address (HTTP + gRPC): 127.0.0.1:50002\n"}}
[debug] [2025-08-30T11:17:04.557Z] I0830 11:17:04.554453   24049 engine.go:171] [/emulator/studio 2ecb] ExecuteGraphqlRead IntrospectionQuery: succeeded. 
 {"metadata":{"emulator":{"name":"dataconnect"},"message":"I0830 11:17:04.554453   24049 engine.go:171] [/emulator/studio 2ecb] ExecuteGraphqlRead IntrospectionQuery: succeeded. \n"}}
[info] [Firebase Plugin] Stopping Data Connect toolkit
[warn] ⚠  Data Connect Emulator has exited upon receiving signal: SIGINT 
[debug] [2025-08-30T11:24:50.453Z] [Firebase Plugin] Activating Firebase extension.
[debug] [2025-08-30T11:24:57.384Z] [Firebase Plugin] requireAuthWrapper
[debug] [2025-08-30T11:24:57.386Z] > command requires scopes: ["email","openid","https://www.googleapis.com/auth/cloudplatformprojects.readonly","https://www.googleapis.com/auth/firebase","https://www.googleapis.com/auth/cloud-platform","https://www.googleapis.com/auth/userinfo.email"]
[debug] [2025-08-30T11:24:57.406Z] [Firebase Plugin] VSCode notification server listening on port 40001
[info] [Firebase Plugin] Starting Data Connect toolkit (version 2.11.2) on port 50001
[debug] [2025-08-30T11:25:00.026Z] I0830 11:24:59.973688   25712 control.go:94] [/emulator/studio c954] UpdateResources(): done
Schema: sources: schema/schema.gql [1992B] 
Connector "example": sources: example/queries.gql [1801B] example/mutations.gql [1243B] 
 {"metadata":{"emulator":{"name":"dataconnect"},"message":"I0830 11:24:59.973688   25712 control.go:94] [/emulator/studio c954] UpdateResources(): done\nSchema: sources: schema/schema.gql [1992B] \nConnector \"example\": sources: example/queries.gql [1801B] example/mutations.gql [1243B] \n"}}
[debug] [2025-08-30T11:25:00.028Z] Ignoring unsupported arg: auto_download {"metadata":{"emulator":{"name":"dataconnect"},"message":"Ignoring unsupported arg: auto_download"}}
[debug] [2025-08-30T11:25:00.029Z] Ignoring unsupported arg: port {"metadata":{"emulator":{"name":"dataconnect"},"message":"Ignoring unsupported arg: port"}}
[debug] [2025-08-30T11:25:00.030Z] Starting Data Connect Emulator with command {"binary":"/home/user/.cache/firebase/emulators/dataconnect-emulator-2.11.2","args":["--logtostderr","-v=2","dev","--listen=localhost:50001","--config_dir=/home/user/studio/dataconnect","--enable_output_schema_extensions=true","--enable_output_generated_sdk=true"],"optionalArgs":["listen","config_dir","enable_output_schema_extensions","enable_output_generated_sdk"],"joinArgs":true,"shell":false,"port":9399} {"metadata":{"emulator":{"name":"dataconnect"},"message":"Starting Data Connect Emulator with command {\"binary\":\"/home/user/.cache/firebase/emulators/dataconnect-emulator-2.11.2\",\"args\":[\"--logtostderr\",\"-v=2\",\"dev\",\"--listen=localhost:50001\",\"--config_dir=/home/user/studio/dataconnect\",\"--enable_output_schema_extensions=true\",\"--enable_output_generated_sdk=true\"],\"optionalArgs\":[\"listen\",\"config_dir\",\"enable_output_schema_extensions\",\"enable_output_generated_sdk\"],\"joinArgs\":true,\"shell\":false,\"port\":9399}"}}
[info] i  dataconnect: Data Connect Emulator logging to dataconnect-debug.log {"metadata":{"emulator":{"name":"dataconnect"},"message":"Data Connect Emulator logging to dataconnect-debug.log"}}
[debug] [2025-08-30T11:25:00.243Z] I0830 11:25:00.113428   25718 load.go:31] Reloading schema and connectors...
 {"metadata":{"emulator":{"name":"dataconnect"},"message":"I0830 11:25:00.113428   25718 load.go:31] Reloading schema and connectors...\n"}}
[debug] [2025-08-30T11:25:00.459Z] I0830 11:25:00.387817   25718 control.go:94] [/emulator/studio 7e8d] UpdateResources(): done
Schema: sources: schema/schema.gql [1992B] 
Connector "example": sources: example/mutations.gql [1243B] example/queries.gql [1801B] 
 {"metadata":{"emulator":{"name":"dataconnect"},"message":"I0830 11:25:00.387817   25718 control.go:94] [/emulator/studio 7e8d] UpdateResources(): done\nSchema: sources: schema/schema.gql [1992B] \nConnector \"example\": sources: example/mutations.gql [1243B] example/queries.gql [1801B] \n"}}
[debug] [2025-08-30T11:25:00.625Z] I0830 11:25:00.624867   25718 codegen.go:82] [connector "example" javascriptSdk] Generating sources into "/home/user/studio/src/dataconnect-generated"
 {"metadata":{"emulator":{"name":"dataconnect"},"message":"I0830 11:25:00.624867   25718 codegen.go:82] [connector \"example\" javascriptSdk] Generating sources into \"/home/user/studio/src/dataconnect-generated\"\n"}}
[debug] [2025-08-30T11:25:00.687Z] I0830 11:25:00.685707   25718 collector.go:107] schema extensions wrote into "/home/user/studio/dataconnect/.dataconnect/schema"
Generated sources: prelude.gql [73251B] main/query.gql [5099B] main/mutation.gql [13679B] main/implicit.gql [1261B] main/input.gql [28173B] main/relation.gql [13742B] 
 {"metadata":{"emulator":{"name":"dataconnect"},"message":"I0830 11:25:00.685707   25718 collector.go:107] schema extensions wrote into \"/home/user/studio/dataconnect/.dataconnect/schema\"\nGenerated sources: prelude.gql [73251B] main/query.gql [5099B] main/mutation.gql [13679B] main/implicit.gql [1261B] main/input.gql [28173B] main/relation.gql [13742B] \n"}}
[debug] [2025-08-30T11:25:00.704Z] I0830 11:25:00.699694   25718 collector.go:107] connector "example" javascriptSdk wrote into "/home/user/studio/src/dataconnect-generated"
Generated sources: index.d.ts [8025B] esm/index.esm.js [3556B] esm/package.json [17B] index.cjs.js [4046B] package.json [852B] README.md [40931B] react/index.d.ts [3961B] react/package.json [460B] react/esm/package.json [17B] react/index.cjs.js [3439B] react/esm/index.esm.js [3269B] react/README.md [48299B] 
 {"metadata":{"emulator":{"name":"dataconnect"},"message":"I0830 11:25:00.699694   25718 collector.go:107] connector \"example\" javascriptSdk wrote into \"/home/user/studio/src/dataconnect-generated\"\nGenerated sources: index.d.ts [8025B] esm/index.esm.js [3556B] esm/package.json [17B] index.cjs.js [4046B] package.json [852B] README.md [40931B] react/index.d.ts [3961B] react/package.json [460B] react/esm/package.json [17B] react/index.cjs.js [3439B] react/esm/index.esm.js [3269B] react/README.md [48299B] \n"}}
[debug] [2025-08-30T11:25:00.747Z] I0830 11:25:00.745121   25718 installsdk.go:55] Package @dataconnect/generated is already installed. Skipping installation
I0830 11:25:00.745191   25718 load.go:109] Finished reloading
 {"metadata":{"emulator":{"name":"dataconnect"},"message":"I0830 11:25:00.745121   25718 installsdk.go:55] Package @dataconnect/generated is already installed. Skipping installation\nI0830 11:25:00.745191   25718 load.go:109] Finished reloading\n"}}
[debug] [2025-08-30T11:25:00.759Z] I0830 11:25:00.759251   25718 dev.go:102] Listening on address (HTTP + gRPC): 127.0.0.1:50001
 {"metadata":{"emulator":{"name":"dataconnect"},"message":"I0830 11:25:00.759251   25718 dev.go:102] Listening on address (HTTP + gRPC): 127.0.0.1:50001\n"}}
[debug] [2025-08-30T11:25:01.046Z] I0830 11:25:01.044410   25718 engine.go:171] [/emulator/studio 7e8d] ExecuteGraphqlRead IntrospectionQuery: succeeded. 
 {"metadata":{"emulator":{"name":"dataconnect"},"message":"I0830 11:25:01.044410   25718 engine.go:171] [/emulator/studio 7e8d] ExecuteGraphqlRead IntrospectionQuery: succeeded. \n"}}
[info] [Firebase Plugin] Stopping Data Connect toolkit
[warn] ⚠  Data Connect Emulator has exited upon receiving signal: SIGINT 
[debug] [2025-08-30T11:27:15.710Z] [Firebase Plugin] Activating Firebase extension.
[debug] [2025-08-30T11:27:23.094Z] [Firebase Plugin] requireAuthWrapper
[debug] [2025-08-30T11:27:23.096Z] > command requires scopes: ["email","openid","https://www.googleapis.com/auth/cloudplatformprojects.readonly","https://www.googleapis.com/auth/firebase","https://www.googleapis.com/auth/cloud-platform","https://www.googleapis.com/auth/userinfo.email"]
[debug] [2025-08-30T11:27:23.117Z] [Firebase Plugin] VSCode notification server listening on port 40001
[info] [Firebase Plugin] Starting Data Connect toolkit (version 2.11.2) on port 50001
[debug] [2025-08-30T11:27:25.514Z] I0830 11:27:25.450788   25956 control.go:94] [/emulator/studio 2520] UpdateResources(): done
Schema: sources: schema/schema.gql [1992B] 
Connector "example": sources: example/mutations.gql [1243B] example/queries.gql [1801B] 
 {"metadata":{"emulator":{"name":"dataconnect"},"message":"I0830 11:27:25.450788   25956 control.go:94] [/emulator/studio 2520] UpdateResources(): done\nSchema: sources: schema/schema.gql [1992B] \nConnector \"example\": sources: example/mutations.gql [1243B] example/queries.gql [1801B] \n"}}
[debug] [2025-08-30T11:27:25.519Z] Ignoring unsupported arg: auto_download {"metadata":{"emulator":{"name":"dataconnect"},"message":"Ignoring unsupported arg: auto_download"}}
[debug] [2025-08-30T11:27:25.520Z] Ignoring unsupported arg: port {"metadata":{"emulator":{"name":"dataconnect"},"message":"Ignoring unsupported arg: port"}}
[debug] [2025-08-30T11:27:25.521Z] Starting Data Connect Emulator with command {"binary":"/home/user/.cache/firebase/emulators/dataconnect-emulator-2.11.2","args":["--logtostderr","-v=2","dev","--listen=localhost:50001","--config_dir=/home/user/studio/dataconnect","--enable_output_schema_extensions=true","--enable_output_generated_sdk=true"],"optionalArgs":["listen","config_dir","enable_output_schema_extensions","enable_output_generated_sdk"],"joinArgs":true,"shell":false,"port":9399} {"metadata":{"emulator":{"name":"dataconnect"},"message":"Starting Data Connect Emulator with command {\"binary\":\"/home/user/.cache/firebase/emulators/dataconnect-emulator-2.11.2\",\"args\":[\"--logtostderr\",\"-v=2\",\"dev\",\"--listen=localhost:50001\",\"--config_dir=/home/user/studio/dataconnect\",\"--enable_output_schema_extensions=true\",\"--enable_output_generated_sdk=true\"],\"optionalArgs\":[\"listen\",\"config_dir\",\"enable_output_schema_extensions\",\"enable_output_generated_sdk\"],\"joinArgs\":true,\"shell\":false,\"port\":9399}"}}
[info] i  dataconnect: Data Connect Emulator logging to dataconnect-debug.log {"metadata":{"emulator":{"name":"dataconnect"},"message":"Data Connect Emulator logging to dataconnect-debug.log"}}
[debug] [2025-08-30T11:27:25.691Z] I0830 11:27:25.601820   25962 load.go:31] Reloading schema and connectors...
 {"metadata":{"emulator":{"name":"dataconnect"},"message":"I0830 11:27:25.601820   25962 load.go:31] Reloading schema and connectors...\n"}}
[debug] [2025-08-30T11:27:25.874Z] I0830 11:27:25.848217   25962 control.go:94] [/emulator/studio b860] UpdateResources(): done
Schema: sources: schema/schema.gql [1992B] 
Connector "example": sources: example/mutations.gql [1243B] example/queries.gql [1801B] 
 {"metadata":{"emulator":{"name":"dataconnect"},"message":"I0830 11:27:25.848217   25962 control.go:94] [/emulator/studio b860] UpdateResources(): done\nSchema: sources: schema/schema.gql [1992B] \nConnector \"example\": sources: example/mutations.gql [1243B] example/queries.gql [1801B] \n"}}
[debug] [2025-08-30T11:27:27.283Z] I0830 11:27:26.106904   25962 codegen.go:82] [connector "example" javascriptSdk] Generating sources into "/home/user/studio/src/dataconnect-generated"
I0830 11:27:26.207622   25962 collector.go:107] schema extensions wrote into "/home/user/studio/dataconnect/.dataconnect/schema"
Generated sources: prelude.gql [73251B] main/implicit.gql [1261B] main/input.gql [28173B] main/relation.gql [13742B] main/query.gql [5099B] main/mutation.gql [13679B] 
I0830 11:27:26.229438   25962 collector.go:107] connector "example" javascriptSdk wrote into "/home/user/studio/src/dataconnect-generated"
Generated sources: react/README.md [48299B] index.d.ts [8025B] esm/package.json [17B] index.cjs.js [4046B] package.json [852B] README.md [40931B] react/index.d.ts [3961B] react/esm/package.json [17B] react/esm/index.esm.js [3269B] esm/index.esm.js [3556B] react/package.json [460B] react/index.cjs.js [3439B] 
I0830 11:27:26.238190   25962 installsdk.go:55] Package @dataconnect/generated is already installed. Skipping installation
I0830 11:27:26.238446   25962 load.go:109] Finished reloading
I0830 11:27:26.253534   25962 dev.go:102] Listening on address (HTTP + gRPC): 127.0.0.1:50001
 {"metadata":{"emulator":{"name":"dataconnect"},"message":"I0830 11:27:26.106904   25962 codegen.go:82] [connector \"example\" javascriptSdk] Generating sources into \"/home/user/studio/src/dataconnect-generated\"\nI0830 11:27:26.207622   25962 collector.go:107] schema extensions wrote into \"/home/user/studio/dataconnect/.dataconnect/schema\"\nGenerated sources: prelude.gql [73251B] main/implicit.gql [1261B] main/input.gql [28173B] main/relation.gql [13742B] main/query.gql [5099B] main/mutation.gql [13679B] \nI0830 11:27:26.229438   25962 collector.go:107] connector \"example\" javascriptSdk wrote into \"/home/user/studio/src/dataconnect-generated\"\nGenerated sources: react/README.md [48299B] index.d.ts [8025B] esm/package.json [17B] index.cjs.js [4046B] package.json [852B] README.md [40931B] react/index.d.ts [3961B] react/esm/package.json [17B] react/esm/index.esm.js [3269B] esm/index.esm.js [3556B] react/package.json [460B] react/index.cjs.js [3439B] \nI0830 11:27:26.238190   25962 installsdk.go:55] Package @dataconnect/generated is already installed. Skipping installation\nI0830 11:27:26.238446   25962 load.go:109] Finished reloading\nI0830 11:27:26.253534   25962 dev.go:102] Listening on address (HTTP + gRPC): 127.0.0.1:50001\n"}}
[debug] [2025-08-30T11:27:27.836Z] I0830 11:27:27.692071   25962 engine.go:171] [/emulator/studio b860] ExecuteGraphqlRead IntrospectionQuery: succeeded. 
 {"metadata":{"emulator":{"name":"dataconnect"},"message":"I0830 11:27:27.692071   25962 engine.go:171] [/emulator/studio b860] ExecuteGraphqlRead IntrospectionQuery: succeeded. \n"}}
[error] [Firebase Plugin] requireAuth error: Could not refresh access token: Unsuccessful response status code. Request failed with status code 500
[info] [Firebase Plugin] Stopping Data Connect toolkit
[warn] ⚠  Data Connect Emulator has exited upon receiving signal: SIGINT 
[debug] [2025-08-30T11:31:28.431Z] [Firebase Plugin] Activating Firebase extension.
[debug] [2025-08-30T11:31:38.601Z] [Firebase Plugin] requireAuthWrapper
[debug] [2025-08-30T11:31:38.603Z] > command requires scopes: ["email","openid","https://www.googleapis.com/auth/cloudplatformprojects.readonly","https://www.googleapis.com/auth/firebase","https://www.googleapis.com/auth/cloud-platform","https://www.googleapis.com/auth/userinfo.email"]
[debug] [2025-08-30T11:31:38.677Z] [Firebase Plugin] VSCode notification server listening on port 40001
[info] [Firebase Plugin] Starting Data Connect toolkit (version 2.11.2) on port 50001
[debug] [2025-08-30T11:31:41.179Z] I0830 11:31:41.114552   26486 control.go:94] [/emulator/studio f762] UpdateResources(): done
Schema: sources: schema/schema.gql [1992B] 
Connector "example": sources: example/mutations.gql [1243B] example/queries.gql [1801B] 
 {"metadata":{"emulator":{"name":"dataconnect"},"message":"I0830 11:31:41.114552   26486 control.go:94] [/emulator/studio f762] UpdateResources(): done\nSchema: sources: schema/schema.gql [1992B] \nConnector \"example\": sources: example/mutations.gql [1243B] example/queries.gql [1801B] \n"}}
[debug] [2025-08-30T11:31:41.183Z] Ignoring unsupported arg: auto_download {"metadata":{"emulator":{"name":"dataconnect"},"message":"Ignoring unsupported arg: auto_download"}}
[debug] [2025-08-30T11:31:41.184Z] Ignoring unsupported arg: port {"metadata":{"emulator":{"name":"dataconnect"},"message":"Ignoring unsupported arg: port"}}
[debug] [2025-08-30T11:31:41.185Z] Starting Data Connect Emulator with command {"binary":"/home/user/.cache/firebase/emulators/dataconnect-emulator-2.11.2","args":["--logtostderr","-v=2","dev","--listen=localhost:50001","--config_dir=/home/user/studio/dataconnect","--enable_output_schema_extensions=true","--enable_output_generated_sdk=true"],"optionalArgs":["listen","config_dir","enable_output_schema_extensions","enable_output_generated_sdk"],"joinArgs":true,"shell":false,"port":9399} {"metadata":{"emulator":{"name":"dataconnect"},"message":"Starting Data Connect Emulator with command {\"binary\":\"/home/user/.cache/firebase/emulators/dataconnect-emulator-2.11.2\",\"args\":[\"--logtostderr\",\"-v=2\",\"dev\",\"--listen=localhost:50001\",\"--config_dir=/home/user/studio/dataconnect\",\"--enable_output_schema_extensions=true\",\"--enable_output_generated_sdk=true\"],\"optionalArgs\":[\"listen\",\"config_dir\",\"enable_output_schema_extensions\",\"enable_output_generated_sdk\"],\"joinArgs\":true,\"shell\":false,\"port\":9399}"}}
[info] i  dataconnect: Data Connect Emulator logging to dataconnect-debug.log {"metadata":{"emulator":{"name":"dataconnect"},"message":"Data Connect Emulator logging to dataconnect-debug.log"}}
[debug] [2025-08-30T11:31:41.982Z] I0830 11:31:41.281479   26491 load.go:31] Reloading schema and connectors...
I0830 11:31:41.516540   26491 control.go:94] [/emulator/studio ab57] UpdateResources(): done
Schema: sources: schema/schema.gql [1992B] 
Connector "example": sources: example/mutations.gql [1243B] example/queries.gql [1801B] 
I0830 11:31:41.737430   26491 codegen.go:82] [connector "example" javascriptSdk] Generating sources into "/home/user/studio/src/dataconnect-generated"
I0830 11:31:41.802535   26491 collector.go:107] schema extensions wrote into "/home/user/studio/dataconnect/.dataconnect/schema"
Generated sources: prelude.gql [73251B] main/implicit.gql [1261B] main/input.gql [28173B] main/relation.gql [13742B] main/query.gql [5099B] main/mutation.gql [13679B] 
I0830 11:31:41.816074   26491 collector.go:107] connector "example" javascriptSdk wrote into "/home/user/studio/src/dataconnect-generated"
Generated sources: index.d.ts [8025B] esm/package.json [17B] index.cjs.js [4046B] README.md [40931B] react/index.d.ts [3961B] react/package.json [460B] react/esm/package.json [17B] react/esm/index.esm.js [3269B] esm/index.esm.js [3556B] package.json [852B] react/index.cjs.js [3439B] react/README.md [48299B] 
I0830 11:31:41.825629   26491 installsdk.go:55] Package @dataconnect/generated is already installed. Skipping installation
I0830 11:31:41.825706   26491 load.go:109] Finished reloading
I0830 11:31:41.849136   26491 dev.go:102] Listening on address (HTTP + gRPC): 127.0.0.1:50001
 {"metadata":{"emulator":{"name":"dataconnect"},"message":"I0830 11:31:41.281479   26491 load.go:31] Reloading schema and connectors...\nI0830 11:31:41.516540   26491 control.go:94] [/emulator/studio ab57] UpdateResources(): done\nSchema: sources: schema/schema.gql [1992B] \nConnector \"example\": sources: example/mutations.gql [1243B] example/queries.gql [1801B] \nI0830 11:31:41.737430   26491 codegen.go:82] [connector \"example\" javascriptSdk] Generating sources into \"/home/user/studio/src/dataconnect-generated\"\nI0830 11:31:41.802535   26491 collector.go:107] schema extensions wrote into \"/home/user/studio/dataconnect/.dataconnect/schema\"\nGenerated sources: prelude.gql [73251B] main/implicit.gql [1261B] main/input.gql [28173B] main/relation.gql [13742B] main/query.gql [5099B] main/mutation.gql [13679B] \nI0830 11:31:41.816074   26491 collector.go:107] connector \"example\" javascriptSdk wrote into \"/home/user/studio/src/dataconnect-generated\"\nGenerated sources: index.d.ts [8025B] esm/package.json [17B] index.cjs.js [4046B] README.md [40931B] react/index.d.ts [3961B] react/package.json [460B] react/esm/package.json [17B] react/esm/index.esm.js [3269B] esm/index.esm.js [3556B] package.json [852B] react/index.cjs.js [3439B] react/README.md [48299B] \nI0830 11:31:41.825629   26491 installsdk.go:55] Package @dataconnect/generated is already installed. Skipping installation\nI0830 11:31:41.825706   26491 load.go:109] Finished reloading\nI0830 11:31:41.849136   26491 dev.go:102] Listening on address (HTTP + gRPC): 127.0.0.1:50001\n"}}
[debug] [2025-08-30T11:31:42.681Z] I0830 11:31:42.431372   26491 engine.go:171] [/emulator/studio ab57] ExecuteGraphqlRead IntrospectionQuery: succeeded. 
 {"metadata":{"emulator":{"name":"dataconnect"},"message":"I0830 11:31:42.431372   26491 engine.go:171] [/emulator/studio ab57] ExecuteGraphqlRead IntrospectionQuery: succeeded. \n"}}
[debug] [2025-08-30T11:32:01.208Z] Running auto auth
[debug] [2025-08-30T11:32:01.236Z] No OAuth tokens found
[debug] [2025-08-30T11:32:01.237Z] [Firebase Plugin] User found:  rahmi.aksu.47@gmail.com
[info] [Firebase Plugin] (Core:Project) New user detected, fetching projects
[debug] [2025-08-30T11:32:01.239Z] No OAuth tokens found
[debug] [2025-08-30T11:32:01.241Z] >>> [apiv2][query] GET https://firebase.googleapis.com/v1beta1/projects pageSize=1000
[debug] [2025-08-30T11:32:01.698Z] <<< [apiv2][status] GET https://firebase.googleapis.com/v1beta1/projects 200
[debug] [2025-08-30T11:32:01.699Z] <<< [apiv2][body] GET https://firebase.googleapis.com/v1beta1/projects [omitted]
[info] [Firebase Plugin] Stopping Data Connect toolkit
[warn] ⚠  Data Connect Emulator has exited upon receiving signal: SIGINT 
[debug] [2025-08-30T12:03:08.770Z] [Firebase Plugin] Activating Firebase extension.
[debug] [2025-08-30T12:03:19.558Z] [Firebase Plugin] requireAuthWrapper
[debug] [2025-08-30T12:03:19.560Z] > command requires scopes: ["email","openid","https://www.googleapis.com/auth/cloudplatformprojects.readonly","https://www.googleapis.com/auth/firebase","https://www.googleapis.com/auth/cloud-platform","https://www.googleapis.com/auth/userinfo.email"]
[debug] [2025-08-30T12:03:19.561Z] > authorizing via signed-in user (rahmi.aksu.47@gmail.com)
[debug] [2025-08-30T12:03:19.568Z] No OAuth tokens found
[debug] [2025-08-30T12:03:19.569Z] No OAuth tokens found
[debug] [2025-08-30T12:03:19.570Z] > command requires scopes: ["email","openid","https://www.googleapis.com/auth/cloudplatformprojects.readonly","https://www.googleapis.com/auth/firebase","https://www.googleapis.com/auth/cloud-platform","https://www.googleapis.com/auth/userinfo.email"]
[debug] [2025-08-30T12:03:19.573Z] > authorizing via signed-in user (rahmi.aksu.47@gmail.com)
[debug] [2025-08-30T12:03:19.573Z] [Firebase Plugin] User found:  rahmi.aksu.47@gmail.com
[info] [Firebase Plugin] (Core:Project) New user detected, fetching projects
[debug] [2025-08-30T12:03:19.578Z] No OAuth tokens found
[debug] [2025-08-30T12:03:19.581Z] >>> [apiv2][query] GET https://firebase.googleapis.com/v1beta1/projects pageSize=1000
[debug] [2025-08-30T12:03:19.644Z] [Firebase Plugin] VSCode notification server listening on port 40001
[info] [Firebase Plugin] Starting Data Connect toolkit (version 2.11.2) on port 50001
[debug] [2025-08-30T12:03:22.715Z] I0830 12:03:22.526643   27220 control.go:94] [/emulator/studio d64d] UpdateResources(): done
Schema: sources: schema/schema.gql [1992B] 
Connector "example": sources: example/mutations.gql [1243B] example/queries.gql [1801B] 
 {"metadata":{"emulator":{"name":"dataconnect"},"message":"I0830 12:03:22.526643   27220 control.go:94] [/emulator/studio d64d] UpdateResources(): done\nSchema: sources: schema/schema.gql [1992B] \nConnector \"example\": sources: example/mutations.gql [1243B] example/queries.gql [1801B] \n"}}
[debug] [2025-08-30T12:03:22.726Z] Ignoring unsupported arg: auto_download {"metadata":{"emulator":{"name":"dataconnect"},"message":"Ignoring unsupported arg: auto_download"}}
[debug] [2025-08-30T12:03:22.732Z] Ignoring unsupported arg: port {"metadata":{"emulator":{"name":"dataconnect"},"message":"Ignoring unsupported arg: port"}}
[debug] [2025-08-30T12:03:22.733Z] Starting Data Connect Emulator with command {"binary":"/home/user/.cache/firebase/emulators/dataconnect-emulator-2.11.2","args":["--logtostderr","-v=2","dev","--listen=localhost:50001","--config_dir=/home/user/studio/dataconnect","--enable_output_schema_extensions=true","--enable_output_generated_sdk=true"],"optionalArgs":["listen","config_dir","enable_output_schema_extensions","enable_output_generated_sdk"],"joinArgs":true,"shell":false,"port":9399} {"metadata":{"emulator":{"name":"dataconnect"},"message":"Starting Data Connect Emulator with command {\"binary\":\"/home/user/.cache/firebase/emulators/dataconnect-emulator-2.11.2\",\"args\":[\"--logtostderr\",\"-v=2\",\"dev\",\"--listen=localhost:50001\",\"--config_dir=/home/user/studio/dataconnect\",\"--enable_output_schema_extensions=true\",\"--enable_output_generated_sdk=true\"],\"optionalArgs\":[\"listen\",\"config_dir\",\"enable_output_schema_extensions\",\"enable_output_generated_sdk\"],\"joinArgs\":true,\"shell\":false,\"port\":9399}"}}
[info] i  dataconnect: Data Connect Emulator logging to dataconnect-debug.log {"metadata":{"emulator":{"name":"dataconnect"},"message":"Data Connect Emulator logging to dataconnect-debug.log"}}
[debug] [2025-08-30T12:03:23.079Z] I0830 12:03:22.930230   27225 load.go:31] Reloading schema and connectors...
 {"metadata":{"emulator":{"name":"dataconnect"},"message":"I0830 12:03:22.930230   27225 load.go:31] Reloading schema and connectors...\n"}}
[debug] [2025-08-30T12:03:23.196Z] <<< [apiv2][status] GET https://firebase.googleapis.com/v1beta1/projects 200
[debug] [2025-08-30T12:03:23.197Z] <<< [apiv2][body] GET https://firebase.googleapis.com/v1beta1/projects [omitted]
[debug] [2025-08-30T12:03:23.349Z] I0830 12:03:23.261049   27225 control.go:94] [/emulator/studio 4190] UpdateResources(): done
Schema: sources: schema/schema.gql [1992B] 
Connector "example": sources: example/mutations.gql [1243B] example/queries.gql [1801B] 
 {"metadata":{"emulator":{"name":"dataconnect"},"message":"I0830 12:03:23.261049   27225 control.go:94] [/emulator/studio 4190] UpdateResources(): done\nSchema: sources: schema/schema.gql [1992B] \nConnector \"example\": sources: example/mutations.gql [1243B] example/queries.gql [1801B] \n"}}
[debug] [2025-08-30T12:03:23.543Z] I0830 12:03:23.502916   27225 codegen.go:82] [connector "example" javascriptSdk] Generating sources into "/home/user/studio/src/dataconnect-generated"
 {"metadata":{"emulator":{"name":"dataconnect"},"message":"I0830 12:03:23.502916   27225 codegen.go:82] [connector \"example\" javascriptSdk] Generating sources into \"/home/user/studio/src/dataconnect-generated\"\n"}}
[debug] [2025-08-30T12:03:23.615Z] I0830 12:03:23.614820   27225 collector.go:107] schema extensions wrote into "/home/user/studio/dataconnect/.dataconnect/schema"
Generated sources: main/input.gql [28173B] main/relation.gql [13742B] main/query.gql [5099B] main/mutation.gql [13679B] prelude.gql [73251B] main/implicit.gql [1261B] 
 {"metadata":{"emulator":{"name":"dataconnect"},"message":"I0830 12:03:23.614820   27225 collector.go:107] schema extensions wrote into \"/home/user/studio/dataconnect/.dataconnect/schema\"\nGenerated sources: main/input.gql [28173B] main/relation.gql [13742B] main/query.gql [5099B] main/mutation.gql [13679B] prelude.gql [73251B] main/implicit.gql [1261B] \n"}}
[debug] [2025-08-30T12:03:23.625Z] I0830 12:03:23.624575   27225 collector.go:107] connector "example" javascriptSdk wrote into "/home/user/studio/src/dataconnect-generated"
Generated sources: index.d.ts [8025B] esm/index.esm.js [3556B] esm/package.json [17B] index.cjs.js [4046B] react/package.json [460B] react/esm/package.json [17B] react/index.cjs.js [3439B] react/esm/index.esm.js [3269B] package.json [852B] README.md [40931B] react/index.d.ts [3961B] react/README.md [48299B] 
 {"metadata":{"emulator":{"name":"dataconnect"},"message":"I0830 12:03:23.624575   27225 collector.go:107] connector \"example\" javascriptSdk wrote into \"/home/user/studio/src/dataconnect-generated\"\nGenerated sources: index.d.ts [8025B] esm/index.esm.js [3556B] esm/package.json [17B] index.cjs.js [4046B] react/package.json [460B] react/esm/package.json [17B] react/index.cjs.js [3439B] react/esm/index.esm.js [3269B] package.json [852B] README.md [40931B] react/index.d.ts [3961B] react/README.md [48299B] \n"}}
[debug] [2025-08-30T12:03:23.665Z] I0830 12:03:23.660674   27225 installsdk.go:55] Package @dataconnect/generated is already installed. Skipping installation
I0830 12:03:23.664157   27225 load.go:109] Finished reloading
 {"metadata":{"emulator":{"name":"dataconnect"},"message":"I0830 12:03:23.660674   27225 installsdk.go:55] Package @dataconnect/generated is already installed. Skipping installation\nI0830 12:03:23.664157   27225 load.go:109] Finished reloading\n"}}
[debug] [2025-08-30T12:03:23.752Z] I0830 12:03:23.751901   27225 dev.go:102] Listening on address (HTTP + gRPC): 127.0.0.1:50001
 {"metadata":{"emulator":{"name":"dataconnect"},"message":"I0830 12:03:23.751901   27225 dev.go:102] Listening on address (HTTP + gRPC): 127.0.0.1:50001\n"}}
[debug] [2025-08-30T12:03:23.856Z] I0830 12:03:23.840864   27225 engine.go:171] [/emulator/studio 4190] ExecuteGraphqlRead IntrospectionQuery: succeeded. 
 {"metadata":{"emulator":{"name":"dataconnect"},"message":"I0830 12:03:23.840864   27225 engine.go:171] [/emulator/studio 4190] ExecuteGraphqlRead IntrospectionQuery: succeeded. \n"}}
[info] [Firebase Plugin] Stopping Data Connect toolkit
[warn] ⚠  Data Connect Emulator has exited upon receiving signal: SIGINT 
[debug] [2025-08-30T12:06:29.993Z] [Firebase Plugin] Activating Firebase extension.
[debug] [2025-08-30T12:06:40.977Z] [Firebase Plugin] requireAuthWrapper
[debug] [2025-08-30T12:06:40.980Z] > command requires scopes: ["email","openid","https://www.googleapis.com/auth/cloudplatformprojects.readonly","https://www.googleapis.com/auth/firebase","https://www.googleapis.com/auth/cloud-platform","https://www.googleapis.com/auth/userinfo.email"]
[debug] [2025-08-30T12:06:40.981Z] > authorizing via signed-in user (rahmi.aksu.47@gmail.com)
[debug] [2025-08-30T12:06:40.987Z] No OAuth tokens found
[debug] [2025-08-30T12:06:40.988Z] No OAuth tokens found
[debug] [2025-08-30T12:06:40.989Z] > command requires scopes: ["email","openid","https://www.googleapis.com/auth/cloudplatformprojects.readonly","https://www.googleapis.com/auth/firebase","https://www.googleapis.com/auth/cloud-platform","https://www.googleapis.com/auth/userinfo.email"]
[debug] [2025-08-30T12:06:40.990Z] > authorizing via signed-in user (rahmi.aksu.47@gmail.com)
[debug] [2025-08-30T12:06:40.991Z] [Firebase Plugin] User found:  rahmi.aksu.47@gmail.com
[info] [Firebase Plugin] (Core:Project) New user detected, fetching projects
[debug] [2025-08-30T12:06:40.994Z] No OAuth tokens found
[debug] [2025-08-30T12:06:40.996Z] >>> [apiv2][query] GET https://firebase.googleapis.com/v1beta1/projects pageSize=1000
[debug] [2025-08-30T12:06:41.085Z] [Firebase Plugin] VSCode notification server listening on port 40001
[debug] [2025-08-30T12:06:41.747Z] <<< [apiv2][status] GET https://firebase.googleapis.com/v1beta1/projects 200
[debug] [2025-08-30T12:06:41.748Z] <<< [apiv2][body] GET https://firebase.googleapis.com/v1beta1/projects [omitted]
[info] [Firebase Plugin] Starting Data Connect toolkit (version 2.11.2) on port 50001
[debug] [2025-08-30T12:06:42.946Z] I0830 12:06:42.906800   27840 control.go:94] [/emulator/studio 790c] UpdateResources(): done
Schema: sources: schema/schema.gql [1992B] 
Connector "example": sources: example/mutations.gql [1243B] example/queries.gql [1801B] 
 {"metadata":{"emulator":{"name":"dataconnect"},"message":"I0830 12:06:42.906800   27840 control.go:94] [/emulator/studio 790c] UpdateResources(): done\nSchema: sources: schema/schema.gql [1992B] \nConnector \"example\": sources: example/mutations.gql [1243B] example/queries.gql [1801B] \n"}}
[debug] [2025-08-30T12:06:42.948Z] Ignoring unsupported arg: auto_download {"metadata":{"emulator":{"name":"dataconnect"},"message":"Ignoring unsupported arg: auto_download"}}
[debug] [2025-08-30T12:06:42.949Z] Ignoring unsupported arg: port {"metadata":{"emulator":{"name":"dataconnect"},"message":"Ignoring unsupported arg: port"}}
[debug] [2025-08-30T12:06:42.950Z] Starting Data Connect Emulator with command {"binary":"/home/user/.cache/firebase/emulators/dataconnect-emulator-2.11.2","args":["--logtostderr","-v=2","dev","--listen=localhost:50001","--config_dir=/home/user/studio/dataconnect","--enable_output_schema_extensions=true","--enable_output_generated_sdk=true"],"optionalArgs":["listen","config_dir","enable_output_schema_extensions","enable_output_generated_sdk"],"joinArgs":true,"shell":false,"port":9399} {"metadata":{"emulator":{"name":"dataconnect"},"message":"Starting Data Connect Emulator with command {\"binary\":\"/home/user/.cache/firebase/emulators/dataconnect-emulator-2.11.2\",\"args\":[\"--logtostderr\",\"-v=2\",\"dev\",\"--listen=localhost:50001\",\"--config_dir=/home/user/studio/dataconnect\",\"--enable_output_schema_extensions=true\",\"--enable_output_generated_sdk=true\"],\"optionalArgs\":[\"listen\",\"config_dir\",\"enable_output_schema_extensions\",\"enable_output_generated_sdk\"],\"joinArgs\":true,\"shell\":false,\"port\":9399}"}}
[info] i  dataconnect: Data Connect Emulator logging to dataconnect-debug.log {"metadata":{"emulator":{"name":"dataconnect"},"message":"Data Connect Emulator logging to dataconnect-debug.log"}}
[debug] [2025-08-30T12:06:43.488Z] I0830 12:06:43.025732   27845 load.go:31] Reloading schema and connectors...
I0830 12:06:43.197266   27845 control.go:94] [/emulator/studio aac3] UpdateResources(): done
Schema: sources: schema/schema.gql [1992B] 
Connector "example": sources: example/mutations.gql [1243B] example/queries.gql [1801B] 
I0830 12:06:43.367906   27845 codegen.go:82] [connector "example" javascriptSdk] Generating sources into "/home/user/studio/src/dataconnect-generated"
I0830 12:06:43.398669   27845 collector.go:107] schema extensions wrote into "/home/user/studio/dataconnect/.dataconnect/schema"
Generated sources: main/input.gql [28173B] prelude.gql [73251B] main/relation.gql [13742B] main/query.gql [5099B] main/mutation.gql [13679B] main/implicit.gql [1261B] 
I0830 12:06:43.406946   27845 collector.go:107] connector "example" javascriptSdk wrote into "/home/user/studio/src/dataconnect-generated"
Generated sources: index.d.ts [8025B] esm/package.json [17B] react/index.d.ts [3961B] react/package.json [460B] react/esm/package.json [17B] react/index.cjs.js [3439B] react/README.md [48299B] esm/index.esm.js [3556B] index.cjs.js [4046B] package.json [852B] README.md [40931B] react/esm/index.esm.js [3269B] 
I0830 12:06:43.437109   27845 installsdk.go:55] Package @dataconnect/generated is already installed. Skipping installation
I0830 12:06:43.437179   27845 load.go:109] Finished reloading
I0830 12:06:43.450226   27845 dev.go:102] Listening on address (HTTP + gRPC): 127.0.0.1:50001
 {"metadata":{"emulator":{"name":"dataconnect"},"message":"I0830 12:06:43.025732   27845 load.go:31] Reloading schema and connectors...\nI0830 12:06:43.197266   27845 control.go:94] [/emulator/studio aac3] UpdateResources(): done\nSchema: sources: schema/schema.gql [1992B] \nConnector \"example\": sources: example/mutations.gql [1243B] example/queries.gql [1801B] \nI0830 12:06:43.367906   27845 codegen.go:82] [connector \"example\" javascriptSdk] Generating sources into \"/home/user/studio/src/dataconnect-generated\"\nI0830 12:06:43.398669   27845 collector.go:107] schema extensions wrote into \"/home/user/studio/dataconnect/.dataconnect/schema\"\nGenerated sources: main/input.gql [28173B] prelude.gql [73251B] main/relation.gql [13742B] main/query.gql [5099B] main/mutation.gql [13679B] main/implicit.gql [1261B] \nI0830 12:06:43.406946   27845 collector.go:107] connector \"example\" javascriptSdk wrote into \"/home/user/studio/src/dataconnect-generated\"\nGenerated sources: index.d.ts [8025B] esm/package.json [17B] react/index.d.ts [3961B] react/package.json [460B] react/esm/package.json [17B] react/index.cjs.js [3439B] react/README.md [48299B] esm/index.esm.js [3556B] index.cjs.js [4046B] package.json [852B] README.md [40931B] react/esm/index.esm.js [3269B] \nI0830 12:06:43.437109   27845 installsdk.go:55] Package @dataconnect/generated is already installed. Skipping installation\nI0830 12:06:43.437179   27845 load.go:109] Finished reloading\nI0830 12:06:43.450226   27845 dev.go:102] Listening on address (HTTP + gRPC): 127.0.0.1:50001\n"}}
[debug] [2025-08-30T12:06:43.792Z] I0830 12:06:43.792158   27845 engine.go:171] [/emulator/studio aac3] ExecuteGraphqlRead IntrospectionQuery: succeeded. 
 {"metadata":{"emulator":{"name":"dataconnect"},"message":"I0830 12:06:43.792158   27845 engine.go:171] [/emulator/studio aac3] ExecuteGraphqlRead IntrospectionQuery: succeeded. \n"}}
[info] [Firebase Plugin] Stopping Data Connect toolkit
[warn] ⚠  Data Connect Emulator has exited upon receiving signal: SIGINT 
[debug] [2025-08-30T12:14:11.578Z] [Firebase Plugin] Activating Firebase extension.
[debug] [2025-08-30T12:14:30.623Z] [Firebase Plugin] requireAuthWrapper
[debug] [2025-08-30T12:14:30.625Z] > command requires scopes: ["email","openid","https://www.googleapis.com/auth/cloudplatformprojects.readonly","https://www.googleapis.com/auth/firebase","https://www.googleapis.com/auth/cloud-platform","https://www.googleapis.com/auth/userinfo.email"]
[debug] [2025-08-30T12:14:30.626Z] > authorizing via signed-in user (rahmi.aksu.47@gmail.com)
[debug] [2025-08-30T12:14:30.632Z] No OAuth tokens found
[debug] [2025-08-30T12:14:30.634Z] No OAuth tokens found
[debug] [2025-08-30T12:14:30.634Z] > command requires scopes: ["email","openid","https://www.googleapis.com/auth/cloudplatformprojects.readonly","https://www.googleapis.com/auth/firebase","https://www.googleapis.com/auth/cloud-platform","https://www.googleapis.com/auth/userinfo.email"]
[debug] [2025-08-30T12:14:30.635Z] > authorizing via signed-in user (rahmi.aksu.47@gmail.com)
[debug] [2025-08-30T12:14:30.636Z] [Firebase Plugin] User found:  rahmi.aksu.47@gmail.com
[info] [Firebase Plugin] (Core:Project) New user detected, fetching projects
[debug] [2025-08-30T12:14:30.639Z] No OAuth tokens found
[debug] [2025-08-30T12:14:30.641Z] >>> [apiv2][query] GET https://firebase.googleapis.com/v1beta1/projects pageSize=1000
[debug] [2025-08-30T12:14:30.704Z] [Firebase Plugin] VSCode notification server listening on port 40001
[debug] [2025-08-30T12:14:31.587Z] <<< [apiv2][status] GET https://firebase.googleapis.com/v1beta1/projects 200
[debug] [2025-08-30T12:14:31.588Z] <<< [apiv2][body] GET https://firebase.googleapis.com/v1beta1/projects [omitted]
[info] [Firebase Plugin] Starting Data Connect toolkit (version 2.11.2) on port 50001
[debug] [2025-08-30T12:14:35.239Z] I0830 12:14:35.197137   28569 control.go:94] [/emulator/studio 793a] UpdateResources(): done
Schema: sources: schema/schema.gql [1992B] 
Connector "example": sources: example/queries.gql [1801B] example/mutations.gql [1243B] 
 {"metadata":{"emulator":{"name":"dataconnect"},"message":"I0830 12:14:35.197137   28569 control.go:94] [/emulator/studio 793a] UpdateResources(): done\nSchema: sources: schema/schema.gql [1992B] \nConnector \"example\": sources: example/queries.gql [1801B] example/mutations.gql [1243B] \n"}}
[debug] [2025-08-30T12:14:35.241Z] Ignoring unsupported arg: auto_download {"metadata":{"emulator":{"name":"dataconnect"},"message":"Ignoring unsupported arg: auto_download"}}
[debug] [2025-08-30T12:14:35.241Z] Ignoring unsupported arg: port {"metadata":{"emulator":{"name":"dataconnect"},"message":"Ignoring unsupported arg: port"}}
[debug] [2025-08-30T12:14:35.242Z] Starting Data Connect Emulator with command {"binary":"/home/user/.cache/firebase/emulators/dataconnect-emulator-2.11.2","args":["--logtostderr","-v=2","dev","--listen=localhost:50001","--config_dir=/home/user/studio/dataconnect","--enable_output_schema_extensions=true","--enable_output_generated_sdk=true"],"optionalArgs":["listen","config_dir","enable_output_schema_extensions","enable_output_generated_sdk"],"joinArgs":true,"shell":false,"port":9399} {"metadata":{"emulator":{"name":"dataconnect"},"message":"Starting Data Connect Emulator with command {\"binary\":\"/home/user/.cache/firebase/emulators/dataconnect-emulator-2.11.2\",\"args\":[\"--logtostderr\",\"-v=2\",\"dev\",\"--listen=localhost:50001\",\"--config_dir=/home/user/studio/dataconnect\",\"--enable_output_schema_extensions=true\",\"--enable_output_generated_sdk=true\"],\"optionalArgs\":[\"listen\",\"config_dir\",\"enable_output_schema_extensions\",\"enable_output_generated_sdk\"],\"joinArgs\":true,\"shell\":false,\"port\":9399}"}}
[info] i  dataconnect: Data Connect Emulator logging to dataconnect-debug.log {"metadata":{"emulator":{"name":"dataconnect"},"message":"Data Connect Emulator logging to dataconnect-debug.log"}}
[debug] [2025-08-30T12:14:35.749Z] I0830 12:14:35.295845   28574 load.go:31] Reloading schema and connectors...
I0830 12:14:35.443741   28574 control.go:94] [/emulator/studio 71c4] UpdateResources(): done
Schema: sources: schema/schema.gql [1992B] 
Connector "example": sources: example/queries.gql [1801B] example/mutations.gql [1243B] 
I0830 12:14:35.593120   28574 codegen.go:82] [connector "example" javascriptSdk] Generating sources into "/home/user/studio/src/dataconnect-generated"
I0830 12:14:35.640752   28574 collector.go:107] schema extensions wrote into "/home/user/studio/dataconnect/.dataconnect/schema"
Generated sources: main/relation.gql [13742B] prelude.gql [73251B] main/query.gql [5099B] main/mutation.gql [13679B] main/implicit.gql [1261B] main/input.gql [28173B] 
I0830 12:14:35.647556   28574 collector.go:107] connector "example" javascriptSdk wrote into "/home/user/studio/src/dataconnect-generated"
Generated sources: react/index.cjs.js [3439B] react/esm/index.esm.js [3269B] react/README.md [48299B] esm/package.json [17B] index.cjs.js [4046B] react/index.d.ts [3961B] react/package.json [460B] index.d.ts [8025B] esm/index.esm.js [3556B] package.json [852B] README.md [40931B] react/esm/package.json [17B] 
I0830 12:14:35.657001   28574 installsdk.go:55] Package @dataconnect/generated is already installed. Skipping installation
I0830 12:14:35.657074   28574 load.go:109] Finished reloading
I0830 12:14:35.669805   28574 dev.go:102] Listening on address (HTTP + gRPC): 127.0.0.1:50001
 {"metadata":{"emulator":{"name":"dataconnect"},"message":"I0830 12:14:35.295845   28574 load.go:31] Reloading schema and connectors...\nI0830 12:14:35.443741   28574 control.go:94] [/emulator/studio 71c4] UpdateResources(): done\nSchema: sources: schema/schema.gql [1992B] \nConnector \"example\": sources: example/queries.gql [1801B] example/mutations.gql [1243B] \nI0830 12:14:35.593120   28574 codegen.go:82] [connector \"example\" javascriptSdk] Generating sources into \"/home/user/studio/src/dataconnect-generated\"\nI0830 12:14:35.640752   28574 collector.go:107] schema extensions wrote into \"/home/user/studio/dataconnect/.dataconnect/schema\"\nGenerated sources: main/relation.gql [13742B] prelude.gql [73251B] main/query.gql [5099B] main/mutation.gql [13679B] main/implicit.gql [1261B] main/input.gql [28173B] \nI0830 12:14:35.647556   28574 collector.go:107] connector \"example\" javascriptSdk wrote into \"/home/user/studio/src/dataconnect-generated\"\nGenerated sources: react/index.cjs.js [3439B] react/esm/index.esm.js [3269B] react/README.md [48299B] esm/package.json [17B] index.cjs.js [4046B] react/index.d.ts [3961B] react/package.json [460B] index.d.ts [8025B] esm/index.esm.js [3556B] package.json [852B] README.md [40931B] react/esm/package.json [17B] \nI0830 12:14:35.657001   28574 installsdk.go:55] Package @dataconnect/generated is already installed. Skipping installation\nI0830 12:14:35.657074   28574 load.go:109] Finished reloading\nI0830 12:14:35.669805   28574 dev.go:102] Listening on address (HTTP + gRPC): 127.0.0.1:50001\n"}}
[debug] [2025-08-30T12:14:36.044Z] I0830 12:14:36.043849   28574 engine.go:171] [/emulator/studio 71c4] ExecuteGraphqlRead IntrospectionQuery: succeeded. 
 {"metadata":{"emulator":{"name":"dataconnect"},"message":"I0830 12:14:36.043849   28574 engine.go:171] [/emulator/studio 71c4] ExecuteGraphqlRead IntrospectionQuery: succeeded. \n"}}
[debug] [2025-08-30T12:18:04.014Z] [Firebase Plugin] Value of process.env.MONOSPACE_ENV: true
[debug] [2025-08-30T12:18:04.016Z] [Firebase Plugin] requireAuthWrapper
[debug] [2025-08-30T12:18:04.018Z] > command requires scopes: ["email","openid","https://www.googleapis.com/auth/cloudplatformprojects.readonly","https://www.googleapis.com/auth/firebase","https://www.googleapis.com/auth/cloud-platform","https://www.googleapis.com/auth/userinfo.email"]
[debug] [2025-08-30T12:18:04.018Z] > authorizing via signed-in user (rahmi.aksu.47@gmail.com)
[debug] [2025-08-30T12:18:04.020Z] [Firebase Plugin] Value of process.env.MONOSPACE_ENV: true
[debug] [2025-08-30T12:18:04.021Z] [Firebase Plugin] requireAuthWrapper
[debug] [2025-08-30T12:18:04.021Z] > command requires scopes: ["email","openid","https://www.googleapis.com/auth/cloudplatformprojects.readonly","https://www.googleapis.com/auth/firebase","https://www.googleapis.com/auth/cloud-platform","https://www.googleapis.com/auth/userinfo.email"]
[debug] [2025-08-30T12:18:04.022Z] > authorizing via signed-in user (rahmi.aksu.47@gmail.com)
[debug] [2025-08-30T12:18:04.026Z] No OAuth tokens found
[debug] [2025-08-30T12:18:04.027Z] No OAuth tokens found
[debug] [2025-08-30T12:18:04.027Z] [Firebase Plugin] User found:  rahmi.aksu.47@gmail.com
[debug] [2025-08-30T12:18:04.028Z] [Firebase Plugin] User found:  rahmi.aksu.47@gmail.com
[info] [Firebase Plugin] (Core:Project) New user detected, fetching projects
[debug] [2025-08-30T12:18:04.030Z] No OAuth tokens found
[info] [Firebase Plugin] (Core:Project) New user detected, fetching projects
[debug] [2025-08-30T12:18:04.032Z] No OAuth tokens found
[debug] [2025-08-30T12:18:04.035Z] >>> [apiv2][query] GET https://firebase.googleapis.com/v1beta1/projects pageSize=1000
[debug] [2025-08-30T12:18:04.041Z] >>> [apiv2][query] GET https://firebase.googleapis.com/v1beta1/projects pageSize=1000
[debug] [2025-08-30T12:18:04.559Z] <<< [apiv2][status] GET https://firebase.googleapis.com/v1beta1/projects 200
[debug] [2025-08-30T12:18:04.560Z] <<< [apiv2][body] GET https://firebase.googleapis.com/v1beta1/projects [omitted]
[debug] [2025-08-30T12:18:04.561Z] <<< [apiv2][status] GET https://firebase.googleapis.com/v1beta1/projects 200
[debug] [2025-08-30T12:18:04.562Z] <<< [apiv2][body] GET https://firebase.googleapis.com/v1beta1/projects [omitted]
[info] [Firebase Plugin] Stopping Data Connect toolkit
[warn] ⚠  Data Connect Emulator has exited upon receiving signal: SIGINT 
[debug] [2025-09-04T20:31:47.909Z] [Firebase Plugin] Activating Firebase extension.
[debug] [2025-09-04T20:32:25.104Z] [Firebase Plugin] requireAuthWrapper
[debug] [2025-09-04T20:32:25.107Z] > command requires scopes: ["email","openid","https://www.googleapis.com/auth/cloudplatformprojects.readonly","https://www.googleapis.com/auth/firebase","https://www.googleapis.com/auth/cloud-platform","https://www.googleapis.com/auth/userinfo.email"]
[debug] [2025-09-04T20:32:25.165Z] [Firebase Plugin] VSCode notification server listening on port 40001
[info] [Firebase Plugin] Starting Data Connect toolkit (version 2.11.2) on port 50001
[info] i  dataconnect: downloading dataconnect-emulator-2.11.2... {"metadata":{"emulator":{"name":"dataconnect"},"message":"downloading dataconnect-emulator-2.11.2..."}}
[debug] [2025-09-04T20:32:32.219Z] >>> [apiv2][query] GET https://storage.googleapis.com/firemat-preview-drop/emulator/dataconnect-emulator-linux-v2.11.2 
[debug] [2025-09-04T20:32:32.727Z] <<< [apiv2][status] GET https://storage.googleapis.com/firemat-preview-drop/emulator/dataconnect-emulator-linux-v2.11.2 200
[debug] [2025-09-04T20:32:32.732Z] <<< [apiv2][body] GET https://storage.googleapis.com/firemat-preview-drop/emulator/dataconnect-emulator-linux-v2.11.2 [stream]
[info] i  dataconnect: Removing outdated emulator files: dataconnect-emulator-2.12.0 {"metadata":{"emulator":{"name":"dataconnect"},"message":"Removing outdated emulator files: dataconnect-emulator-2.12.0"}}
[debug] [2025-09-04T20:32:37.479Z] I0904 20:32:37.411305    2263 control.go:94] [/emulator/studio cc71] UpdateResources(): done
Schema: sources: schema/schema.gql [1992B] 
Connector "example": sources: example/mutations.gql [1243B] example/queries.gql [1801B] 
 {"metadata":{"emulator":{"name":"dataconnect"},"message":"I0904 20:32:37.411305    2263 control.go:94] [/emulator/studio cc71] UpdateResources(): done\nSchema: sources: schema/schema.gql [1992B] \nConnector \"example\": sources: example/mutations.gql [1243B] example/queries.gql [1801B] \n"}}
[debug] [2025-09-04T20:32:37.481Z] Ignoring unsupported arg: auto_download {"metadata":{"emulator":{"name":"dataconnect"},"message":"Ignoring unsupported arg: auto_download"}}
[debug] [2025-09-04T20:32:37.482Z] Ignoring unsupported arg: port {"metadata":{"emulator":{"name":"dataconnect"},"message":"Ignoring unsupported arg: port"}}
[debug] [2025-09-04T20:32:37.483Z] Starting Data Connect Emulator with command {"binary":"/home/user/.cache/firebase/emulators/dataconnect-emulator-2.11.2","args":["--logtostderr","-v=2","dev","--listen=localhost:50001","--config_dir=/home/user/studio/dataconnect","--enable_output_schema_extensions=true","--enable_output_generated_sdk=true"],"optionalArgs":["listen","config_dir","enable_output_schema_extensions","enable_output_generated_sdk"],"joinArgs":true,"shell":false,"port":9399} {"metadata":{"emulator":{"name":"dataconnect"},"message":"Starting Data Connect Emulator with command {\"binary\":\"/home/user/.cache/firebase/emulators/dataconnect-emulator-2.11.2\",\"args\":[\"--logtostderr\",\"-v=2\",\"dev\",\"--listen=localhost:50001\",\"--config_dir=/home/user/studio/dataconnect\",\"--enable_output_schema_extensions=true\",\"--enable_output_generated_sdk=true\"],\"optionalArgs\":[\"listen\",\"config_dir\",\"enable_output_schema_extensions\",\"enable_output_generated_sdk\"],\"joinArgs\":true,\"shell\":false,\"port\":9399}"}}
[info] i  dataconnect: Data Connect Emulator logging to dataconnect-debug.log {"metadata":{"emulator":{"name":"dataconnect"},"message":"Data Connect Emulator logging to dataconnect-debug.log"}}
[debug] [2025-09-04T20:32:37.557Z] I0904 20:32:37.545670    2269 load.go:31] Reloading schema and connectors...
 {"metadata":{"emulator":{"name":"dataconnect"},"message":"I0904 20:32:37.545670    2269 load.go:31] Reloading schema and connectors...\n"}}
[debug] [2025-09-04T20:32:37.711Z] I0904 20:32:37.710732    2269 control.go:94] [/emulator/studio 2015] UpdateResources(): done
Schema: sources: schema/schema.gql [1992B] 
Connector "example": sources: example/mutations.gql [1243B] example/queries.gql [1801B] 
 {"metadata":{"emulator":{"name":"dataconnect"},"message":"I0904 20:32:37.710732    2269 control.go:94] [/emulator/studio 2015] UpdateResources(): done\nSchema: sources: schema/schema.gql [1992B] \nConnector \"example\": sources: example/mutations.gql [1243B] example/queries.gql [1801B] \n"}}
[debug] [2025-09-04T20:32:37.856Z] I0904 20:32:37.856368    2269 codegen.go:82] [connector "example" javascriptSdk] Generating sources into "/home/user/studio/src/dataconnect-generated"
 {"metadata":{"emulator":{"name":"dataconnect"},"message":"I0904 20:32:37.856368    2269 codegen.go:82] [connector \"example\" javascriptSdk] Generating sources into \"/home/user/studio/src/dataconnect-generated\"\n"}}
[debug] [2025-09-04T20:32:37.913Z] I0904 20:32:37.912420    2269 collector.go:107] schema extensions wrote into "/home/user/studio/dataconnect/.dataconnect/schema"
Generated sources: main/input.gql [28173B] main/relation.gql [13742B] main/query.gql [5099B] main/mutation.gql [13679B] prelude.gql [73251B] main/implicit.gql [1261B] 
 {"metadata":{"emulator":{"name":"dataconnect"},"message":"I0904 20:32:37.912420    2269 collector.go:107] schema extensions wrote into \"/home/user/studio/dataconnect/.dataconnect/schema\"\nGenerated sources: main/input.gql [28173B] main/relation.gql [13742B] main/query.gql [5099B] main/mutation.gql [13679B] prelude.gql [73251B] main/implicit.gql [1261B] \n"}}
[debug] [2025-09-04T20:32:37.916Z] I0904 20:32:37.916755    2269 collector.go:107] connector "example" javascriptSdk wrote into "/home/user/studio/src/dataconnect-generated"
Generated sources: index.d.ts [8025B] esm/package.json [17B] package.json [852B] README.md [40931B] react/index.d.ts [3961B] react/index.cjs.js [3439B] react/README.md [48299B] esm/index.esm.js [3556B] index.cjs.js [4046B] react/package.json [460B] react/esm/package.json [17B] react/esm/index.esm.js [3269B] 
 {"metadata":{"emulator":{"name":"dataconnect"},"message":"I0904 20:32:37.916755    2269 collector.go:107] connector \"example\" javascriptSdk wrote into \"/home/user/studio/src/dataconnect-generated\"\nGenerated sources: index.d.ts [8025B] esm/package.json [17B] package.json [852B] README.md [40931B] react/index.d.ts [3961B] react/index.cjs.js [3439B] react/README.md [48299B] esm/index.esm.js [3556B] index.cjs.js [4046B] react/package.json [460B] react/esm/package.json [17B] react/esm/index.esm.js [3269B] \n"}}
[debug] [2025-09-04T20:32:37.925Z] I0904 20:32:37.925243    2269 installsdk.go:55] Package @dataconnect/generated is already installed. Skipping installation
 {"metadata":{"emulator":{"name":"dataconnect"},"message":"I0904 20:32:37.925243    2269 installsdk.go:55] Package @dataconnect/generated is already installed. Skipping installation\n"}}
[debug] [2025-09-04T20:32:37.927Z] I0904 20:32:37.926738    2269 load.go:109] Finished reloading
 {"metadata":{"emulator":{"name":"dataconnect"},"message":"I0904 20:32:37.926738    2269 load.go:109] Finished reloading\n"}}
[debug] [2025-09-04T20:32:37.940Z] I0904 20:32:37.938747    2269 dev.go:102] Listening on address (HTTP + gRPC): 127.0.0.1:50001
 {"metadata":{"emulator":{"name":"dataconnect"},"message":"I0904 20:32:37.938747    2269 dev.go:102] Listening on address (HTTP + gRPC): 127.0.0.1:50001\n"}}
[debug] [2025-09-04T20:32:38.043Z] I0904 20:32:38.042679    2269 engine.go:171] [/emulator/studio 2015] ExecuteGraphqlRead IntrospectionQuery: succeeded. 
 {"metadata":{"emulator":{"name":"dataconnect"},"message":"I0904 20:32:38.042679    2269 engine.go:171] [/emulator/studio 2015] ExecuteGraphqlRead IntrospectionQuery: succeeded. \n"}}
[error] [Firebase Plugin] requireAuth error: Could not refresh access token: Unsuccessful response status code. Request failed with status code 500
[debug] [2025-09-04T20:45:35.764Z] [Firebase Plugin] Activating Firebase extension.
[debug] [2025-09-04T20:45:41.718Z] [Firebase Plugin] requireAuthWrapper
[debug] [2025-09-04T20:45:41.720Z] > command requires scopes: ["email","openid","https://www.googleapis.com/auth/cloudplatformprojects.readonly","https://www.googleapis.com/auth/firebase","https://www.googleapis.com/auth/cloud-platform","https://www.googleapis.com/auth/userinfo.email"]
[debug] [2025-09-04T20:45:41.743Z] [Firebase Plugin] VSCode notification server listening on port 40002
[error] [Firebase Plugin] requireAuth error: Could not refresh access token: Unsuccessful response status code. Request failed with status code 500
[info] [Firebase Plugin] Starting Data Connect toolkit (version 2.11.2) on port 50002
[debug] [2025-09-04T20:48:35.174Z] I0904 20:48:35.133339    5975 control.go:94] [/emulator/studio b50a] UpdateResources(): done
Schema: sources: schema/schema.gql [1992B] 
Connector "example": sources: example/mutations.gql [1243B] example/queries.gql [1801B] 
 {"metadata":{"emulator":{"name":"dataconnect"},"message":"I0904 20:48:35.133339    5975 control.go:94] [/emulator/studio b50a] UpdateResources(): done\nSchema: sources: schema/schema.gql [1992B] \nConnector \"example\": sources: example/mutations.gql [1243B] example/queries.gql [1801B] \n"}}
[debug] [2025-09-04T20:48:35.176Z] Ignoring unsupported arg: auto_download {"metadata":{"emulator":{"name":"dataconnect"},"message":"Ignoring unsupported arg: auto_download"}}
[debug] [2025-09-04T20:48:35.179Z] Ignoring unsupported arg: port {"metadata":{"emulator":{"name":"dataconnect"},"message":"Ignoring unsupported arg: port"}}
[debug] [2025-09-04T20:48:35.180Z] Starting Data Connect Emulator with command {"binary":"/home/user/.cache/firebase/emulators/dataconnect-emulator-2.11.2","args":["--logtostderr","-v=2","dev","--listen=localhost:50002","--config_dir=/home/user/studio/dataconnect","--enable_output_schema_extensions=true","--enable_output_generated_sdk=true"],"optionalArgs":["listen","config_dir","enable_output_schema_extensions","enable_output_generated_sdk"],"joinArgs":true,"shell":false,"port":9399} {"metadata":{"emulator":{"name":"dataconnect"},"message":"Starting Data Connect Emulator with command {\"binary\":\"/home/user/.cache/firebase/emulators/dataconnect-emulator-2.11.2\",\"args\":[\"--logtostderr\",\"-v=2\",\"dev\",\"--listen=localhost:50002\",\"--config_dir=/home/user/studio/dataconnect\",\"--enable_output_schema_extensions=true\",\"--enable_output_generated_sdk=true\"],\"optionalArgs\":[\"listen\",\"config_dir\",\"enable_output_schema_extensions\",\"enable_output_generated_sdk\"],\"joinArgs\":true,\"shell\":false,\"port\":9399}"}}
[info] i  dataconnect: Data Connect Emulator logging to dataconnect-debug.log {"metadata":{"emulator":{"name":"dataconnect"},"message":"Data Connect Emulator logging to dataconnect-debug.log"}}
[debug] [2025-09-04T20:48:35.442Z] I0904 20:48:35.422329    5981 load.go:31] Reloading schema and connectors...
 {"metadata":{"emulator":{"name":"dataconnect"},"message":"I0904 20:48:35.422329    5981 load.go:31] Reloading schema and connectors...\n"}}
[debug] [2025-09-04T20:48:35.738Z] I0904 20:48:35.737827    5981 control.go:94] [/emulator/studio e62d] UpdateResources(): done
Schema: sources: schema/schema.gql [1992B] 
Connector "example": sources: example/mutations.gql [1243B] example/queries.gql [1801B] 
 {"metadata":{"emulator":{"name":"dataconnect"},"message":"I0904 20:48:35.737827    5981 control.go:94] [/emulator/studio e62d] UpdateResources(): done\nSchema: sources: schema/schema.gql [1992B] \nConnector \"example\": sources: example/mutations.gql [1243B] example/queries.gql [1801B] \n"}}
[debug] [2025-09-04T20:48:35.990Z] I0904 20:48:35.989241    5981 codegen.go:82] [connector "example" javascriptSdk] Generating sources into "/home/user/studio/src/dataconnect-generated"
 {"metadata":{"emulator":{"name":"dataconnect"},"message":"I0904 20:48:35.989241    5981 codegen.go:82] [connector \"example\" javascriptSdk] Generating sources into \"/home/user/studio/src/dataconnect-generated\"\n"}}
[debug] [2025-09-04T20:48:36.044Z] I0904 20:48:36.043850    5981 collector.go:107] schema extensions wrote into "/home/user/studio/dataconnect/.dataconnect/schema"
Generated sources: main/input.gql [28173B] main/relation.gql [13742B] main/query.gql [5099B] main/mutation.gql [13679B] prelude.gql [73251B] main/implicit.gql [1261B] 
 {"metadata":{"emulator":{"name":"dataconnect"},"message":"I0904 20:48:36.043850    5981 collector.go:107] schema extensions wrote into \"/home/user/studio/dataconnect/.dataconnect/schema\"\nGenerated sources: main/input.gql [28173B] main/relation.gql [13742B] main/query.gql [5099B] main/mutation.gql [13679B] prelude.gql [73251B] main/implicit.gql [1261B] \n"}}
[debug] [2025-09-04T20:48:36.062Z] I0904 20:48:36.061975    5981 collector.go:107] connector "example" javascriptSdk wrote into "/home/user/studio/src/dataconnect-generated"
Generated sources: index.d.ts [8025B] esm/index.esm.js [3556B] esm/package.json [17B] package.json [852B] README.md [40931B] react/index.d.ts [3961B] react/README.md [48299B] index.cjs.js [4046B] react/package.json [460B] react/esm/package.json [17B] react/index.cjs.js [3439B] react/esm/index.esm.js [3269B] 
 {"metadata":{"emulator":{"name":"dataconnect"},"message":"I0904 20:48:36.061975    5981 collector.go:107] connector \"example\" javascriptSdk wrote into \"/home/user/studio/src/dataconnect-generated\"\nGenerated sources: index.d.ts [8025B] esm/index.esm.js [3556B] esm/package.json [17B] package.json [852B] README.md [40931B] react/index.d.ts [3961B] react/README.md [48299B] index.cjs.js [4046B] react/package.json [460B] react/esm/package.json [17B] react/index.cjs.js [3439B] react/esm/index.esm.js [3269B] \n"}}
[debug] [2025-09-04T20:48:36.068Z] I0904 20:48:36.067430    5981 installsdk.go:55] Package @dataconnect/generated is already installed. Skipping installation
I0904 20:48:36.067515    5981 load.go:109] Finished reloading
 {"metadata":{"emulator":{"name":"dataconnect"},"message":"I0904 20:48:36.067430    5981 installsdk.go:55] Package @dataconnect/generated is already installed. Skipping installation\nI0904 20:48:36.067515    5981 load.go:109] Finished reloading\n"}}
[debug] [2025-09-04T20:48:36.108Z] I0904 20:48:36.107734    5981 dev.go:102] Listening on address (HTTP + gRPC): 127.0.0.1:50002
 {"metadata":{"emulator":{"name":"dataconnect"},"message":"I0904 20:48:36.107734    5981 dev.go:102] Listening on address (HTTP + gRPC): 127.0.0.1:50002\n"}}
[debug] [2025-09-04T20:48:36.304Z] I0904 20:48:36.291148    5981 engine.go:171] [/emulator/studio e62d] ExecuteGraphqlRead IntrospectionQuery: succeeded. 
 {"metadata":{"emulator":{"name":"dataconnect"},"message":"I0904 20:48:36.291148    5981 engine.go:171] [/emulator/studio e62d] ExecuteGraphqlRead IntrospectionQuery: succeeded. \n"}}
[info] [Firebase Plugin] Stopping Data Connect toolkit
[warn] ⚠  Data Connect Emulator has exited upon receiving signal: SIGINT 
[info] [Firebase Plugin] Stopping Data Connect toolkit
[warn] ⚠  Data Connect Emulator has exited upon receiving signal: SIGINT 
